0 info it worked if it ends with ok
1 verbose cli [ 'C:\\Program Files\\nodejs\\node.exe',
1 verbose cli   'C:\\Program Files\\nodejs\\node_modules\\npm\\bin\\npm-cli.js',
1 verbose cli   'run',
1 verbose cli   'build:all' ]
2 info using npm@3.7.3
3 info using node@v5.9.0
4 verbose run-script [ 'prebuild:all', 'build:all', 'postbuild:all' ]
5 info lifecycle rtd@1.0.0~prebuild:all: rtd@1.0.0
6 silly lifecycle rtd@1.0.0~prebuild:all: no script for prebuild:all, continuing
7 info lifecycle rtd@1.0.0~build:all: rtd@1.0.0
8 verbose lifecycle rtd@1.0.0~build:all: unsafe-perm in lifecycle true
9 verbose lifecycle rtd@1.0.0~build:all: PATH: C:\Program Files\nodejs\node_modules\npm\bin\node-gyp-bin;D:\Dropbox\github\catalinred.github.com\node_modules\.bin;C:\Program Files\nodejs;C:\Program Files (x86)\Intel\iCLS Client\;C:\Program Files\Intel\iCLS Client\;C:\WINDOWS\system32;C:\WINDOWS;C:\WINDOWS\System32\Wbem;C:\WINDOWS\System32\WindowsPowerShell\v1.0\;C:\Program Files\Intel\Intel(R) Management Engine Components\DAL;C:\Program Files\Intel\Intel(R) Management Engine Components\IPT;C:\Program Files (x86)\Intel\Intel(R) Management Engine Components\DAL;C:\Program Files (x86)\Intel\Intel(R) Management Engine Components\IPT;C:\Program Files (x86)\Intel\OpenCL SDK\2.0\bin\x86;C:\Program Files (x86)\Intel\OpenCL SDK\2.0\bin\x64;C:\Program Files (x86)\Windows Live\Shared;C:\Program Files (x86)\PuTTY;C:\Program Files (x86)\QuickTime\QTSystem\;C:\Program Files (x86)\Skype\Phone\;C:\Program Files\nodejs\;C:\Ruby193\bin;C:\Python27;C:\Program Files (x86)\Git\bin;C:\Program Files\nodejs;C:\Users\Catalin\AppData\Roaming\npm
10 verbose lifecycle rtd@1.0.0~build:all: CWD: D:\Dropbox\github\catalinred.github.com
11 silly lifecycle rtd@1.0.0~build:all: Args: [ '/d /s /c',
11 silly lifecycle   'npm run clean && npm run build:css && npm run build:js && npm run imagemin && jekyll serve' ]
12 silly lifecycle rtd@1.0.0~build:all: Returned: code: 1  signal: null
13 info lifecycle rtd@1.0.0~build:all: Failed to exec build:all script
14 verbose stack Error: rtd@1.0.0 build:all: `npm run clean && npm run build:css && npm run build:js && npm run imagemin && jekyll serve`
14 verbose stack Exit status 1
14 verbose stack     at EventEmitter.<anonymous> (C:\Program Files\nodejs\node_modules\npm\lib\utils\lifecycle.js:239:16)
14 verbose stack     at emitTwo (events.js:100:13)
14 verbose stack     at EventEmitter.emit (events.js:185:7)
14 verbose stack     at ChildProcess.<anonymous> (C:\Program Files\nodejs\node_modules\npm\lib\utils\spawn.js:24:14)
14 verbose stack     at emitTwo (events.js:100:13)
14 verbose stack     at ChildProcess.emit (events.js:185:7)
14 verbose stack     at maybeClose (internal/child_process.js:850:16)
14 verbose stack     at Process.ChildProcess._handle.onexit (internal/child_process.js:215:5)
15 verbose pkgid rtd@1.0.0
16 verbose cwd D:\Dropbox\github\catalinred.github.com
17 error Windows_NT 10.0.10586
18 error argv "C:\\Program Files\\nodejs\\node.exe" "C:\\Program Files\\nodejs\\node_modules\\npm\\bin\\npm-cli.js" "run" "build:all"
19 error node v5.9.0
20 error npm  v3.7.3
21 error code ELIFECYCLE
22 error rtd@1.0.0 build:all: `npm run clean && npm run build:css && npm run build:js && npm run imagemin && jekyll serve`
22 error Exit status 1
23 error Failed at the rtd@1.0.0 build:all script 'npm run clean && npm run build:css && npm run build:js && npm run imagemin && jekyll serve'.
23 error Make sure you have the latest version of node.js and npm installed.
23 error If you do, this is most likely a problem with the rtd package,
23 error not with npm itself.
23 error Tell the author that this fails on your system:
23 error     npm run clean && npm run build:css && npm run build:js && npm run imagemin && jekyll serve
23 error You can get information on how to open an issue for this project with:
23 error     npm bugs rtd
23 error Or if that isn't available, you can get their info via:
23 error     npm owner ls rtd
23 error There is likely additional logging output above.
24 verbose exit [ 1, true ]
